Deafen_app/app/build/intermediates/manifest_merge_blame_file/debug/manifest-merger-blame-debug-report.txt
1<?xml version="1.0" encoding="utf-8"?>
2<manifest xmlns:android="http://schemas.android.com/apk/res/android"
3    package="com.example.deafen_prototype"
4    android:versionCode="1"
5    android:versionName="1.0" >
6
7    <uses-sdk
8        android:minSdkVersion="21"
8-->src\main\AndroidManifest.xml
9        android:targetSdkVersion="32" />
9-->src\main\AndroidManifest.xml
10
11    <application
11-->src\main\AndroidManifest.xml:5:5-34:19
12        android:allowBackup="true"
12-->src\main\AndroidManifest.xml:6:9-35
13        android:appComponentFactory="androidx.core.app.CoreComponentFactory"
13-->[androidx.core:core:1.8.0] AndroidManifest.xml:24:18-86
14        android:dataExtractionRules="@xml/data_extraction_rules"
14-->src\main\AndroidManifest.xml:7:9-65
15        android:debuggable="true"
16        android:fullBackupContent="@xml/backup_rules"
16-->src\main\AndroidManifest.xml:8:9-54
17        android:icon="@mipmap/ic_launcher"
17-->src\main\AndroidManifest.xml:9:9-43
18        android:label="@string/app_name"
18-->src\main\AndroidManifest.xml:10:9-41
19        android:roundIcon="@mipmap/ic_launcher_round"
19-->src\main\AndroidManifest.xml:11:9-54
20        android:supportsRtl="true"
20-->src\main\AndroidManifest.xml:12:9-35
21        android:testOnly="true"
22        android:theme="@style/Theme.Deafen_prototype" >
22-->src\main\AndroidManifest.xml:13:9-54
23        <activity
23-->src\main\AndroidManifest.xml:15:9-26:20
24            android:name="com.example.deafen_prototype.MainActivity"
24-->src\main\AndroidManifest.xml:16:13-41
25            android:exported="true" >
25-->src\main\AndroidManifest.xml:17:13-36
26            <intent-filter>
26-->src\main\AndroidManifest.xml:18:13-22:29
27                <action android:name="android.intent.action.MAIN" />
27-->src\main\AndroidManifest.xml:19:17-69
27-->src\main\AndroidManifest.xml:19:25-66
28
29                <category android:name="android.intent.category.LAUNCHER" />
29-->src\main\AndroidManifest.xml:21:17-77
29-->src\main\AndroidManifest.xml:21:27-74
30            </intent-filter>
31
32            <meta-data
32-->src\main\AndroidManifest.xml:23:13-25:36
33                android:name="android.app.lib_name"
33-->src\main\AndroidManifest.xml:24:17-52
34                android:value="" />
34-->src\main\AndroidManifest.xml:25:17-33
35        </activity>
36        <activity
36-->src\main\AndroidManifest.xml:27:9-33:20
37            android:name="com.example.deafen_prototype.SettingsActivity"
37-->src\main\AndroidManifest.xml:28:13-45
38            android:exported="false" >
38-->src\main\AndroidManifest.xml:29:13-37
39            <meta-data
39-->src\main\AndroidManifest.xml:23:13-25:36
40                android:name="android.app.lib_name"
40-->src\main\AndroidManifest.xml:24:17-52
41                android:value="" />
41-->src\main\AndroidManifest.xml:25:17-33
42        </activity>
43
44        <provider
44-->[androidx.emoji2:emoji2:1.2.0] AndroidManifest.xml:24:9-32:20
45            android:name="androidx.startup.InitializationProvider"
45-->[androidx.emoji2:emoji2:1.2.0] AndroidManifest.xml:25:13-67
46            android:authorities="com.example.deafen_prototype.androidx-startup"
46-->[androidx.emoji2:emoji2:1.2.0] AndroidManifest.xml:26:13-68
47            android:exported="false" >
47-->[androidx.emoji2:emoji2:1.2.0] AndroidManifest.xml:27:13-37
48            <meta-data
48-->[androidx.emoji2:emoji2:1.2.0] AndroidManifest.xml:29:13-31:52
49                android:name="androidx.emoji2.text.EmojiCompatInitializer"
49-->[androidx.emoji2:emoji2:1.2.0] AndroidManifest.xml:30:17-75
50                android:value="androidx.startup" />
50-->[androidx.emoji2:emoji2:1.2.0] AndroidManifest.xml:31:17-49
51            <meta-data
51-->[androidx.lifecycle:lifecycle-process:2.4.1] AndroidManifest.xml:31:13-33:52
52                android:name="androidx.lifecycle.ProcessLifecycleInitializer"
52-->[androidx.lifecycle:lifecycle-process:2.4.1] AndroidManifest.xml:32:17-78
53                android:value="androidx.startup" />
53-->[androidx.lifecycle:lifecycle-process:2.4.1] AndroidManifest.xml:33:17-49
54        </provider>
55    </application>
56
57</manifest>